2026-07-17 10:03:02 0 [Note] Starting MariaDB 12.3.2-MariaDB source revision 9f98f82b14a9b939834281672b6d0cf965db69a3 server_uid unknown as process 7
2026-07-17 10:03:02 0 [Note] InnoDB: Compressed tables use zlib 1.3.2
2026-07-17 10:03:02 0 [Note] InnoDB: Number of transaction pools: 1
2026-07-17 10:03:02 0 [Note] InnoDB: Using crc32 + pclmulqdq instructions
2026-07-17 10:03:02 0 [Warning] mariadbd: io_uring_queue_init() failed with EPERM: sysctl kernel.io_uring_disabled has the value 2, or 1 and the user of the process is not a member of sysctl kernel.io_uring_group. (see man 2 io_uring_setup).
create_uring failed: falling back to libaio
2026-07-17 10:03:02 0 [Warning] InnoDB: native AIO failed: falling back to innodb_use_native_aio=OFF
2026-07-17 10:03:02 0 [Note] InnoDB: innodb_buffer_pool_size_max=8388608m, innodb_buffer_pool_size=128m
2026-07-17 10:03:02 0 [Note] InnoDB: Completed initialization of buffer pool
2026-07-17 10:03:02 0 [Note] InnoDB: File system buffers for log disabled (block size=512 bytes)
2026-07-17 10:03:02 0 [Note] InnoDB: End of log at LSN=45538
2026-07-17 10:03:02 0 [Note] InnoDB: Opened 3 undo tablespaces
2026-07-17 10:03:02 0 [Note] InnoDB: 128 rollback segments in 3 undo tablespaces are active.
2026-07-17 10:03:02 0 [Note] InnoDB: Setting file './ibtmp1' size to 12.000MiB. Physically writing the file full; Please wait ...
2026-07-17 10:03:02 0 [Note] InnoDB: File './ibtmp1' size is now 12.000MiB.
2026-07-17 10:03:02 0 [Note] InnoDB: log sequence number 45538; transaction id 14
2026-07-17 10:03:02 0 [Note] Plugin 'wsrep-provider' is disabled.
2026-07-17 10:03:02 0 [Note] InnoDB: Loading buffer pool(s) from /home/fry/Documents/sekolah/sims/database/mysql_data/ib_buffer_pool
2026-07-17 10:03:02 0 [Note] InnoDB: Buffer pool(s) load completed at 260717 10:03:02
2026-07-17 10:03:02 0 [ERROR] Failed to create a socket for IPv4 '127.0.0.1': errno: 1.
2026-07-17 10:03:02 0 [ERROR] No TCP address could be bound to
2026-07-17 10:03:02 0 [ERROR] Aborting
